<?xml version="1.0" encoding="UTF-8"?>
<!-- Generated by org.testng.reporters.JUnitReportReporter -->
<testsuite hostname="Nandini" failures="0" tests="27" name="ProjectTestScenarios.TestMethods" time="111.053" errors="0" timestamp="2024-05-21T19:41:50 IST" skipped="0">
  <testcase classname="ProjectTestScenarios.TestMethods" name="Account" time="2.675"/>
  <testcase classname="ProjectTestScenarios.TestMethods" name="FillAccountDetails" time="3.375"/>
  <testcase classname="ProjectTestScenarios.TestMethods" name="WhatsNew" time="1.320"/>
  <testcase classname="ProjectTestScenarios.TestMethods" name="Hoodies" time="1.639"/>
  <testcase classname="ProjectTestScenarios.TestMethods" name="ClickPic" time="4.703"/>
  <testcase classname="ProjectTestScenarios.TestMethods" name="SeSize" time="0.133"/>
  <testcase classname="ProjectTestScenarios.TestMethods" name="SeColor" time="0.155"/>
  <testcase classname="ProjectTestScenarios.TestMethods" name="AddCart" time="0.120"/>
  <testcase classname="ProjectTestScenarios.TestMethods" name="ClickMoreInfo" time="0.284"/>
  <testcase classname="ProjectTestScenarios.TestMethods" name="GoHome" time="3.594"/>
  <testcase classname="ProjectTestScenarios.TestMethods" name="search" time="4.920"/>
  <testcase classname="ProjectTestScenarios.TestMethods" name="Sort" time="4.142"/>
  <testcase classname="ProjectTestScenarios.TestMethods" name="ShowDrop" time="4.684"/>
  <testcase classname="ProjectTestScenarios.TestMethods" name="CartClick" time="0.098"/>
  <testcase classname="ProjectTestScenarios.TestMethods" name="AcrendingOrder" time="1.144"/>
  <testcase classname="ProjectTestScenarios.TestMethods" name="ClickShort" time="10.054"/>
  <testcase classname="ProjectTestScenarios.TestMethods" name="ItemGrid" time="2.130"/>
  <testcase classname="ProjectTestScenarios.TestMethods" name="CategoryCl" time="10.044"/>
  <testcase classname="ProjectTestScenarios.TestMethods" name="Sale" time="5.956"/>
  <testcase classname="ProjectTestScenarios.TestMethods" name="Stle" time="10.017"/>
  <testcase classname="ProjectTestScenarios.TestMethods" name="Luggage" time="10.067"/>
  <testcase classname="ProjectTestScenarios.TestMethods" name="ForwardArrow" time="4.011"/>
  <testcase classname="ProjectTestScenarios.TestMethods" name="BackwardArrow" time="10.069"/>
  <testcase classname="ProjectTestScenarios.TestMethods" name="clickBagging" time="10.008"/>
  <testcase classname="ProjectTestScenarios.TestMethods" name="HomepageafteraddingItemtoCart" time="1.850"/>
  <testcase classname="ProjectTestScenarios.TestMethods" name="Signin" time="3.620"/>
  <testcase classname="ProjectTestScenarios.TestMethods" name="login" time="0.241"/>
</testsuite> <!-- ProjectTestScenarios.TestMethods -->
